#
# There is insufficient memory for the Java Runtime Environment to continue.
# Native memory allocation (mmap) failed to map 264241152 bytes. Error detail: G1 virtual space
# Possible reasons:
#   The system is out of physical RAM or swap space
#   This process is running with CompressedOops enabled, and the Java Heap may be blocking the growth of the native heap
# Possible solutions:
#   Reduce memory load on the system
#   Increase physical memory or swap space
#   Check if swap backing store is full
#   Decrease Java heap size (-Xmx/-Xms)
#   Decrease number of Java threads
#   Decrease Java thread stack sizes (-Xss)
#   Set larger code cache with -XX:ReservedCodeCacheSize=
#   JVM is running with Zero Based Compressed Oops mode in which the Java heap is
#     placed in the first 32GB address space. The Java Heap base address is the
#     maximum limit for the native heap growth. Please use -XX:HeapBaseMinAddress
#     to set the Java Heap base and to place the Java Heap above 32GB virtual address.
# This output file may be truncated or incomplete.
#
#  Out of Memory Error (os_windows.cpp:3898), pid=3428, tid=1840
#
# JRE version:  (21.0.6) (build )
# Java VM: OpenJDK 64-Bit Server VM (21.0.6+-13391695-b895.109, mixed mode, sharing, tiered, compressed oops, compressed class ptrs, g1 gc, windows-amd64)
# No core dump will be written. Minidumps are not enabled by default on client versions of Windows
#

---------------  S U M M A R Y ------------

Command Line: git4idea.http.GitAskPassApp Username for 'https://github.com': 

Host: 11th Gen Intel(R) Core(TM) i7-11800H @ 2.30GHz, 16 cores, 15G,  Windows 11 , 64 bit Build 26100 (10.0.26100.5074)
Time: Tue Sep  9 20:28:08 2025 SE Asia Standard Time elapsed time: 0.012429 seconds (0d 0h 0m 0s)

---------------  T H R E A D  ---------------

Current thread (0x0000022995056ba0):  JavaThread "Unknown thread" [_thread_in_vm, id=1840, stack(0x000000fcf8a00000,0x000000fcf8b00000) (1024K)]

Stack: [0x000000fcf8a00000,0x000000fcf8b00000]
Native frames: (J=compiled Java code, j=interpreted, Vv=VM code, C=native code)
V  [jvm.dll+0x6d0639]
V  [jvm.dll+0x85eb03]
V  [jvm.dll+0x86105e]
V  [jvm.dll+0x861743]
V  [jvm.dll+0x27e6e6]
V  [jvm.dll+0x6ccfd5]
V  [jvm.dll+0x6c0a8a]
V  [jvm.dll+0x35537b]
V  [jvm.dll+0x35cfd6]
V  [jvm.dll+0x3aef86]
V  [jvm.dll+0x3af258]
V  [jvm.dll+0x327a2c]
V  [jvm.dll+0x32871b]
V  [jvm.dll+0x826549]
V  [jvm.dll+0x3bc158]
V  [jvm.dll+0x80f7f8]
V  [jvm.dll+0x45035e]
V  [jvm.dll+0x451ac1]
C  [jli.dll+0x52ab]
C  [ucrtbase.dll+0x37b0]
C  [KERNEL32.DLL+0x2e8d7]
C  [ntdll.dll+0x8d9c]


---------------  P R O C E S S  ---------------

Threads class SMR info:
_java_thread_list=0x00007ffabf261848, length=0, elements={
}

Java Threads: ( => current thread )
Total: 0

Other Threads:
  0x00000229974012e0 WorkerThread "GC Thread#0"                     [id=25144, stack(0x000000fcf8b00000,0x000000fcf8c00000) (1024K)]
  0x0000022997413fe0 ConcurrentGCThread "G1 Main Marker"            [id=2196, stack(0x000000fcf8c00000,0x000000fcf8d00000) (1024K)]
  0x0000022997415190 WorkerThread "G1 Conc#0"                       [id=8012, stack(0x000000fcf8d00000,0x000000fcf8e00000) (1024K)]

[error occurred during error reporting (printing all threads), id 0xc0000005, EXCEPTION_ACCESS_VIOLATION (0xc0000005) at pc=0x00007ffabea5aa87]
VM state: not at safepoint (not fully initialized)

VM Mutex/Monitor currently owned by a thread:  ([mutex/lock_event])
[0x00007ffabf2ce4a0] Heap_lock - owner thread: 0x0000022995056ba0

Heap address: 0x0000000704400000, size: 4028 MB, Compressed Oops mode: Zero based, Oop shift amount: 3

CDS archive(s) mapped at: [0x0000000000000000-0x0000000000000000-0x0000000000000000), size 0, SharedBaseAddress: 0x0000000800000000, ArchiveRelocationMode: 1.
Narrow klass base: 0x0000000000000000, Narrow klass shift: 0, Narrow klass range: 0x0

GC Precious Log:
 CardTable entry size: 512
 Card Set container configuration: InlinePtr #cards 4 size 8 Array Of Cards #cards 16 size 48 Howl #buckets 8 coarsen threshold 3686 Howl Bitmap #cards 512 size 80 coarsen threshold 460 Card regions per heap region 1 cards per card region 4096

Heap:
 garbage-first heap   total 0K, used 0K [0x0000000704400000, 0x0000000800000000)
  region size 2048K, 0 young (0K), 0 survivors (0K)
 Metaspace       used 0K, committed 0K, reserved 0K
  class space    used 0K, committed 0K, reserved 0K

Heap Regions: E=young(eden), S=young(survivor), O=old, HS=humongous(starts), HC=humongous(continues), CS=collection set, F=free, TAMS=top-at-mark-start, PB=parsable bottom

Card table byte_map: [0x00000229aa550000,0x00000229aad30000] _byte_map_base: 0x00000229a6d2e000

Marking Bits: (CMBitMap*) 0x0000022997402d00
 Bits: [0x00000229aad30000, 0x00000229aec20000)

GC Heap History (0 events):
No events

Dll operation events (1 events):
Event: 0.006 Loaded shared library F:\New folder\jbr\bin\java.dll

Deoptimization events (0 events):
No events

Classes loaded (0 events):
No events

Classes unloaded (0 events):
No events

Classes redefined (0 events):
No events

Internal exceptions (0 events):
No events

ZGC Phase Switch (0 events):
No events

VM Operations (0 events):
No events

Memory protections (0 events):
No events

Nmethod flushes (0 events):
No events

Events (0 events):
No events


Dynamic libraries:
0x00007ff69cb50000 - 0x00007ff69cb5a000 	F:\New folder\jbr\bin\java.exe
0x00007ffb54740000 - 0x00007ffb549a9000 	C:\WINDOWS\SYSTEM32\ntdll.dll
0x00007ffb542b0000 - 0x00007ffb54379000 	C:\WINDOWS\System32\KERNEL32.DLL
0x00007ffb51f20000 - 0x00007ffb52313000 	C:\WINDOWS\System32\KERNELBASE.dll
0x00007ffb51d10000 - 0x00007ffb51e5b000 	C:\WINDOWS\System32\ucrtbase.dll
0x00007ffb3d2b0000 - 0x00007ffb3d2c8000 	F:\New folder\jbr\bin\jli.dll
0x00007ffb4b5e0000 - 0x00007ffb4b5fb000 	F:\New folder\jbr\bin\VCRUNTIME140.dll
0x00007ffb53810000 - 0x00007ffb539d4000 	C:\WINDOWS\System32\USER32.dll
0x00007ffb51ef0000 - 0x00007ffb51f17000 	C:\WINDOWS\System32\win32u.dll
0x00007ffb34a80000 - 0x00007ffb34d13000 	C:\WINDOWS\WinSxS\amd64_microsoft.windows.common-controls_6595b64144ccf1df_6.0.26100.5074_none_3e0d6f78e32fd63f\COMCTL32.dll
0x00007ffb546a0000 - 0x00007ffb546cb000 	C:\WINDOWS\System32\GDI32.dll
0x00007ffb52580000 - 0x00007ffb52629000 	C:\WINDOWS\System32\msvcrt.dll
0x00007ffb52320000 - 0x00007ffb5244d000 	C:\WINDOWS\System32\gdi32full.dll
0x00007ffb518d0000 - 0x00007ffb51973000 	C:\WINDOWS\System32\msvcp_win.dll
0x00007ffb531f0000 - 0x00007ffb5321f000 	C:\WINDOWS\System32\IMM32.DLL
0x00007ffb4b930000 - 0x00007ffb4b93c000 	F:\New folder\jbr\bin\vcruntime140_1.dll
0x00007ffaad060000 - 0x00007ffaad0ed000 	F:\New folder\jbr\bin\msvcp140.dll
0x00007ffabe720000 - 0x00007ffabf3ab000 	F:\New folder\jbr\bin\server\jvm.dll
0x00007ffb543d0000 - 0x00007ffb54484000 	C:\WINDOWS\System32\ADVAPI32.dll
0x00007ffb533a0000 - 0x00007ffb53446000 	C:\WINDOWS\System32\sechost.dll
0x00007ffb540d0000 - 0x00007ffb541e8000 	C:\WINDOWS\System32\RPCRT4.dll
0x00007ffb53e70000 - 0x00007ffb53ee4000 	C:\WINDOWS\System32\WS2_32.dll
0x00007ffb50530000 - 0x00007ffb5058e000 	C:\WINDOWS\SYSTEM32\POWRPROF.dll
0x00007ffb44130000 - 0x00007ffb44165000 	C:\WINDOWS\SYSTEM32\WINMM.dll
0x00007ffb47dc0000 - 0x00007ffb47dcb000 	C:\WINDOWS\SYSTEM32\VERSION.dll
0x00007ffb50510000 - 0x00007ffb50524000 	C:\WINDOWS\SYSTEM32\UMPDC.dll
0x00007ffb507d0000 - 0x00007ffb507eb000 	C:\WINDOWS\SYSTEM32\kernel.appcore.dll
0x00007ffb48df0000 - 0x00007ffb48dfa000 	F:\New folder\jbr\bin\jimage.dll
0x00007ffb4ebe0000 - 0x00007ffb4ee22000 	C:\WINDOWS\SYSTEM32\DBGHELP.DLL
0x00007ffb52630000 - 0x00007ffb529ab000 	C:\WINDOWS\System32\combase.dll
0x00007ffb53ff0000 - 0x00007ffb540c7000 	C:\WINDOWS\System32\OLEAUT32.dll
0x00007ffb35ef0000 - 0x00007ffb35f2d000 	C:\WINDOWS\SYSTEM32\dbgcore.DLL
0x00007ffb51c70000 - 0x00007ffb51d09000 	C:\WINDOWS\System32\bcryptPrimitives.dll
0x00007ffb48dd0000 - 0x00007ffb48df0000 	F:\New folder\jbr\bin\java.dll

dbghelp: loaded successfully - version: 4.0.5 - missing functions: none
symbol engine: initialized successfully - sym options: 0x614 - pdb path: .;F:\New folder\jbr\bin;C:\WINDOWS\SYSTEM32;C:\WINDOWS\WinSxS\amd64_microsoft.windows.common-controls_6595b64144ccf1df_6.0.26100.5074_none_3e0d6f78e32fd63f;F:\New folder\jbr\bin\server

VM Arguments:
java_command: git4idea.http.GitAskPassApp Username for 'https://github.com': 
java_class_path (initial): F:/New folder/plugins/vcs-git/lib/git4idea-rt.jar;F:/New folder/lib/externalProcess-rt.jar
Launcher Type: SUN_STANDARD

[Global flags]
     intx CICompilerCount                          = 12                                        {product} {ergonomic}
     uint ConcGCThreads                            = 3                                         {product} {ergonomic}
     uint G1ConcRefinementThreads                  = 13                                        {product} {ergonomic}
   size_t G1HeapRegionSize                         = 2097152                                   {product} {ergonomic}
    uintx GCDrainStackTargetSize                   = 64                                        {product} {ergonomic}
   size_t InitialHeapSize                          = 264241152                                 {product} {ergonomic}
   size_t MarkStackSize                            = 4194304                                   {product} {ergonomic}
   size_t MaxHeapSize                              = 4223664128                                {product} {ergonomic}
   size_t MinHeapDeltaBytes                        = 2097152                                   {product} {ergonomic}
   size_t MinHeapSize                              = 8388608                                   {product} {ergonomic}
    uintx NonNMethodCodeHeapSize                   = 7602480                                {pd product} {ergonomic}
    uintx NonProfiledCodeHeapSize                  = 122027880                              {pd product} {ergonomic}
    uintx ProfiledCodeHeapSize                     = 122027880                              {pd product} {ergonomic}
    uintx ReservedCodeCacheSize                    = 251658240                              {pd product} {ergonomic}
     bool SegmentedCodeCache                       = true                                      {product} {ergonomic}
   size_t SoftMaxHeapSize                          = 4223664128                             {manageable} {ergonomic}
     bool UseCompressedOops                        = true                           {product lp64_product} {ergonomic}
     bool UseG1GC                                  = true                                      {product} {ergonomic}
     bool UseLargePagesIndividualAllocation        = false                                  {pd product} {ergonomic}

Logging:
Log output configuration:
 #0: stdout all=warning uptime,level,tags foldmultilines=false
 #1: stderr all=off uptime,level,tags foldmultilines=false

Environment Variables:
PATH=C:\Program Files\Git\mingw64\libexec\git-core;C:\Program Files\Git\mingw64\libexec\git-core;C:\Program Files\Git\mingw64\bin;C:\Program Files\Git\usr\bin;C:\Users\ASUS\bin;C:\Program Files (x86)\Razer Chroma SDK\bin;C:\Program Files\Razer Chroma SDK\bin;C:\Windows\system32;C:\Windows;C:\Windows\System32\Wbem;C:\Windows\System32\WindowsPowerShell\v1.0;C:\Windows\System32\OpenSSH;C:\Program Files (x86)\NVIDIA Corporation\PhysX\Common;C:\WINDOWS\system32;C:\WINDOWS;C:\WINDOWS\System32\Wbem;C:\WINDOWS\System32\WindowsPowerShell\v1.0;C:\WINDOWS\System32\OpenSSH;C:\Program Files\nodejs;C:\ProgramData\ComposerSetup\bin;C:\Program Files\dotnet;C:\Program Files\NVIDIA Corporation\NVIDIA app\NvDLISR;C:\WINDOWS\system32\config\systemprofile\AppData\Local\Microsoft\WindowsApps;C:\Program Files (x86)\Razer\ChromaBroadcast\bin;C:\Program Files\Razer\ChromaBroadcast\bin;C:\Users\ASUS\anaconda3;C:\Users\ASUS\anaconda3\Library\mingw-w64\bin;C:\Users\ASUS\anaconda3\Library\usr\bin;C:\Users\ASUS\anaconda3\Library\bin;C:\Users\ASUS\anaconda3\Scripts;C:\MinGW;C:\Users\ASUS\.console-ninja\.bin;C:\Users\ASUS\AppData\Local\Microsoft\WindowsApps;F:\Microsoft VS Code\bin;C:\Users\ASUS\AppData\Roaming\npm;C:\Users\ASUS\AppData\Roaming\Composer\vendor\bin;C:\xampp\php;C:\WINDOWS\system32\config\systemprofile\AppData\Local\Microsoft\WindowsApps;C:\Program Files\Git\cmd;C:\Users\ASUS\.console-ninja\.bin;C:\MinGW;C:\Users\ASUS\AppData\Local\Microsoft\WindowsApps;F:\Microsoft VS Code\bin;C:\Users\ASUS\AppData\Roaming\npm;C:\Users\ASUS\AppData\Roaming\Composer\vendor\bin;C:\xampp\php;C:\Users\ASUS\AppData\Local\Microsoft\WindowsApps
USERNAME=ASUS
DISPLAY=:0.0
LC_ALL=en_US.UTF-8
TERM=xterm-256color
TMPDIR=C:\Users\ASUS\AppData\Local\Temp
OS=Windows_NT
PROCESSOR_IDENTIFIER=Intel64 Family 6 Model 141 Stepping 1, GenuineIntel
TMP=C:\Users\ASUS\AppData\Local\Temp
TEMP=C:\Users\ASUS\AppData\Local\Temp




Periodic native trim disabled

JNI global refs:
JNI global refs: 0, weak refs: 0

JNI global refs memory usage: 0, weak refs: 0

Process memory usage:
Resident Set Size: 13356K (0% of 16492316K total physical memory with 927584K free physical memory)

OOME stack traces (most recent first):
Classloader memory used:

---------------  S Y S T E M  ---------------

OS:
 Windows 11 , 64 bit Build 26100 (10.0.26100.5074)
OS uptime: 0 days 1:01 hours

CPU: total 16 (initial active 16) (8 cores per cpu, 2 threads per core) family 6 model 141 stepping 1 microcode 0x34, cx8, cmov, fxsr, ht, mmx, 3dnowpref, sse, sse2, sse3, ssse3, sse4.1, sse4.2, popcnt, lzcnt, tsc, tscinvbit, avx, avx2, aes, erms, clmul, bmi1, bmi2, adx, avx512f, avx512dq, avx512cd, avx512bw, avx512vl, sha, fma, vzeroupper, avx512_vpopcntdq, avx512_vpclmulqdq, avx512_vaes, avx512_vnni, clflush, clflushopt, clwb, avx512_vbmi2, avx512_vbmi, rdtscp, rdpid, fsrm, gfni, avx512_bitalg, f16c, pku, cet_ibt, cet_ss, avx512_ifma
Processor Information for the first 16 processors :
  Max Mhz: 2304, Current Mhz: 2304, Mhz Limit: 2304

Memory: 4k page, system-wide physical 16105M (905M free)
TotalPageFile size 21146M (AvailPageFile size 117M)
current process WorkingSet (physical memory assigned to process): 13M, peak: 13M
current process commit charge ("private bytes"): 70M, peak: 322M

vm_info: OpenJDK 64-Bit Server VM (21.0.6+-13391695-b895.109) for windows-amd64 JRE (21.0.6+-13391695-b895.109), built on 2025-04-22T21:19:17Z by "builder" with MS VC++ 16.10 / 16.11 (VS2019)

END.
